<?xml version="1.0" encoding="UTF-8"?>
<testsuite xmlns:xsi="http://www.w3.org/2001/XMLSchema-instance" xsi:noNamespaceSchemaLocation="https://maven.apache.org/surefire/maven-surefire-plugin/xsd/surefire-test-report.xsd" name="eu.arrowhead.core.choreographer.database.service.ChoreographerDBServiceTest" time="6.604" tests="10" errors="0" skipped="0" failures="0">
  <properties>
[...]
</properties>
  <testcase name="createChoreographerActionPlanTestWithNullInput" classname="eu.arrowhead.core.choreographer.database.service.ChoreographerDBServiceTest" time="0.149"/>
  <testcase name="getChoreographerActionPlanByIdTestWithNotExistingId" classname="eu.arrowhead.core.choreographer.database.service.ChoreographerDBServiceTest" time="0.015"/>
  <testcase name="getChoreographerActionPlanByIdWithInvalidId" classname="eu.arrowhead.core.choreographer.database.service.ChoreographerDBServiceTest" time="0.002"/>
  <testcase name="removeOrchestratorStoreByIdWithIdNotInDBTest" classname="eu.arrowhead.core.choreographer.database.service.ChoreographerDBServiceTest" time="0.001"/>
  <testcase name="createChoreographerActionPlanWithBlankName" classname="eu.arrowhead.core.choreographer.database.service.ChoreographerDBServiceTest" time="0.002"/>
  <testcase name="createChoreographerActionPlanTestWithEmptyActionRequestList" classname="eu.arrowhead.core.choreographer.database.service.ChoreographerDBServiceTest" time="0.001"/>
  <testcase name="getChoreographerActionPlanByIdTest" classname="eu.arrowhead.core.choreographer.database.service.ChoreographerDBServiceTest" time="0.01"/>
  <testcase name="getChoreographerActionPlanEntriesTestWithInvalidSortField" classname="eu.arrowhead.core.choreographer.database.service.ChoreographerDBServiceTest" time="0.004"/>
  <testcase name="getChoreographerActionPlanEntriesResponseOKTest" classname="eu.arrowhead.core.choreographer.database.service.ChoreographerDBServiceTest" time="0.006"/>
  <testcase name="removeOrchestratorStoreByIdWithInvalidIdTest" classname="eu.arrowhead.core.choreographer.database.service.ChoreographerDBServiceTest" time="0.001"/>
</testsuite>